stats of: o
tile:t7
nextTile: null
followedBy: p2
following: null
score: 0
stats of: p2
tile: t6
nextTile: t7
followedBy: p1
following: o
stats of: p1
tile: t3
nextTile: t4
followedBy: null
following: p2
stats of: t3
entity: null
animal: p2
subbedPandas: null
neighbors: t4, t2
stats of: t4
entity: w1
animal: null
subbedPandas:null
neighbors: t3
stats of: t5
entity: w2
animal: null
subbedPandas: null
neighbors: t6
stats of: t6
entity: null
animal: p2
subbedPandas: null
neighbors: t5, t7
stats of: t7
entity: null
animal: o
subbedPandas: null
neighbors: t6
stats of: w1
tile: t5
